<?xml version="1.0" encoding="UTF-8"?>
<testsuite xmlns:xsi="http://www.w3.org/2001/XMLSchema-instance" xsi:noNamespaceSchemaLocation="https://maven.apache.org/surefire/maven-surefire-plugin/xsd/surefire-test-report-3.0.xsd" version="3.0" name="Show all graduates" time="12.928" tests="1" errors="0" skipped="0" failures="0">
  <properties>
[...]
</properties>
  <testcase name="print names of graduates" classname="Show all graduates" time="12.928">
    <system-out><![CDATA[C:\Users\zver2\IdeaProjects\BookIT
AccessToken = eyJhbGciOiJIUzI1NiJ9.eyJqdGkiOiIxMTUxNiIsImF1ZCI6InRlYWNoZXIifQ.saFcTsRyMJQj1e8jhya1zpxngBggh5fC3lGsGyBCrQs
HTTP/1.1 200 OK
Connection: close
Date: Mon, 06 Mar 2023 04:35:06 GMT
Content-Type: application/json
Server: Jetty(9.4.8.v20171121)
Via: 1.1 vegur

[
    {
        "number": 7,
        "isGraduated": false,
        "teams": [
            {
                "id": 11609,
                "name": "Nukes",
                "members": [
                    {
                        "id": 17641,
                        "firstName": "Aracelis",
                        "lastName": "Gleichner",
                        "role": "student-team-member"
                    },
                    {
                        "id": 17643,
                        "firstName": "Eusebia",
                        "lastName": "Schimmel",
                        "role": "student-team-member"
                    },
                    {
                        "id": 17645,
                        "firstName": "Olamide",
                        "lastName": "Glover",
                        "role": "student-team-member"
                    },
                    {
                        "id": 17642,
                        "firstName": "Olamide",
                        "lastName": "Murray",
                        "role": "student-team-member"
                    },
                    {
                        "id": 17644,
                        "firstName": "Abel",
                        "lastName": "Steuber",
                        "role": "student-team-member"
                    },
                    {
                        "id": 17646,
                        "firstName": "Olamide",
                        "lastName": "Jacobson",
                        "role": "student-team-member"
                    },
                    {
                        "id": 17623,
                        "firstName": "Katrina",
                        "lastName": "Rodriguez",
                        "role": "student-team-member"
                    },
                    {
                        "id": 17624,
                        "firstName": "Ebonie",
                        "lastName": "Ratke",
                        "role": "student-team-member"
                    },
                    {
                        "id": 17625,
                        "firstName": "Terrilyn",
                        "lastName": "Dare",
                        "role": "student-team-member"
                    },
                    {
                        "id": 17626,
                        "firstName": "Madeleine",
                        "lastName": "Beier",
                        "role": "student-team-member"
                    },
                    {
                        "id": 17627,
                        "firstName": "Fae",
                        "lastName": "Little",
                        "role": "student-team-member"
                    },
                    {
                        "id": 17628,
                        "firstName": "Wendie",
                        "lastName": "Donnelly",
                        "role": "student-team-member"
                    },
                    {
                        "id": 17629,
                        "firstName": "Olamide",
                        "lastName": "Abiola",
                        "role": "student-team-member"
                    },
                    {
                        "id": 17633,
                        "firstName": "Olamide",
                        "lastName": "Abiola",
                        "role": "student-team-member"
                    },
                    {
                        "id": 17622,
                        "firstName": "HEBELEHUBELE",
                        "lastName": "Jonaaaaaa",
                        "role": "student-team-leader"
                    },
                    {
                        "id": 17631,
                        "firstName": "Olamide",
                        "lastName": "Abiola",
                        "role": "student-team-member"
                    },
                    {
                        "id": 17634,
                        "firstName": "Olamide",
                        "lastName": "Abiola",
                        "role": "student-team-member"
                    },
                    {
                        "id": 17639,
                        "firstName": "Olamideee",
                        "lastName": "Tremblay",
                        "role": "student-team-member"
                    },
                    {
                        "id": 17640,
                        "firstName": "Olamide",
                        "lastName": "Bins",
                        "role": "student-team-member"
                    },
                    {
                        "id": 17632,
                        "firstName": "Olamide",
                        "lastName": "Abiola",
                        "role": "student-team-member"
                    },
                    {
                        "id": 17375,
                        "firstName": "Ally",
                        "lastName": "Layne",
                        "role": "student-team-leader"
                    }
                ]
            },
            {
                "id": 14091,
                "name": "House",
                "members": [
                    
                ]
            },
            {
                "id": 17181,
                "name": "Dummies",
                "members": [
                    
                ]
            },
            {
                "id": 12127,
                "name": "Seattle",
                "members": [
                    
                ]
            }
        ]
    },
    {
        "number": 20,
        "isGraduated": false,
        "teams": [
            {
                "id": 11281,
                "name": "TheyBite",
                "members": [
                    {
                        "id": 17267,
                        "firstName": "Katya",
                        "lastName": "Orlov",
                        "role": "student-team-member"
                    },
                    {
                        "id": 17597,
                        "firstName": "Mike",
                        "lastName": "James",
                        "role": "student-team-leader"
                    },
                    {
                        "id": 17598,
                        "firstName": "Petar",
                        "lastName": "Petrovic",
                        "role": "student-team-leader"
                    },
                    {
                        "id": 17599,
                        "firstName": "Petar",
                        "lastName": "Petrovic",
                        "role": "student-team-member"
                    },
                    {
                        "id": 17600,
                        "firstName": "Petar",
                        "lastName": "Petrovic",
                        "role": "student-team-member"
                    },
                    {
                        "id": 17601,
                        "firstName": "Petar",
                        "lastName": "Petrovic",
                        "role": "student-team-member"
                    },
                    {
                        "id": 17268,
                        "firstName": "Katya",
                        "lastName": "Orlov",
                        "role": "student-team-member"
                    }
                ]
            },
            {
                "id": 11287,
                "name": "LoafandCamouflage",
                "members": [
                    
                ]
            },
            {
                "id": 11293,
                "name": "TeaForTwo",
                "members": [
                    
                ]
            },
            {
                "id": 11299,
                "name": "Galaxina",
                "members": [
                    
                ]
            },
            {
                "id": 11305,
                "name": "GangsofWasseypur",
                "members": [
                    
                ]
            },
            {
                "id": 11311,
                "name": "Breathless",
                "members": [
                    
                ]
            },
            {
                "id": 11317,
                "name": "Fountain",
                "members": [
                    
                ]
            },
            {
                "id": 11323,
                "name": "Volga",
                "members": [
                    
                ]
            },
            {
                "id": 11329,
                "name": "BadRonald",
                "members": [
                    
                ]
            },
            {
                "id": 11335,
                "name": "RiseofCatherinetheGreat",
                "members": [
                    
                ]
            },
            {
                "id": 11341,
                "name": "Borderland",
                "members": [
                    
                ]
            },
            {
                "id": 11347,
                "name": "Stardom",
                "members": [
                    
                ]
            },
            {
                "id": 11353,
                "name": "CatBallou",
                "members": [
                    
                ]
            },
            {
                "id": 11359,
                "name": "BadBoys",
                "members": [
                    
                ]
            },
            {
                "id": 11365,
                "name": "FearIsland",
                "members": [
                    
                ]
            },
            {
                "id": 11371,
                "name": "AnniversaryParty",
                "members": [
                    
                ]
            },
            {
                "id": 11377,
                "name": "Jumanji",
                "members": [
                    
                ]
            },
            {
                "id": 11383,
                "name": "Untraceable",
                "members": [
                    
                ]
            },
            {
                "id": 11389,
                "name": "BlingRing",
                "members": [
                    
                ]
            },
            {
                "id": 11395,
                "name": "OctoberSky",
                "members": [
                    
                ]
            },
            {
                "id": 11401,
                "name": "Angel",
                "members": [
                    
                ]
            },
            {
                "id": 11407,
                "name": "StoryofUs",
                "members": [
                    
                ]
            },
            {
                "id": 11413,
                "name": "LifeItself",
                "members": [
                    
                ]
            },
            {
                "id": 11419,
                "name": "Stay",
                "members": [
                    
                ]
            },
            {
                "id": 11425,
                "name": "Motorama",
                "members": [
                    
                ]
            },
            {
                "id": 11431,
                "name": "BlitheSpirit",
                "members": [
                    
                ]
            },
            {
                "id": 11437,
                "name": "Samurai",
                "members": [
                    
                ]
            },
            {
                "id": 11443,
                "name": "HighSierra",
                "members": [
                    
                ]
            },
            {
                "id": 11449,
                "name": "CurbDance",
                "members": [
                    
                ]
            },
            {
                "id": 11455,
                "name": "Super",
                "members": [
                    
                ]
            },
            {
                "id": 11461,
                "name": "Marjoe",
                "members": [
                    
                ]
            },
            {
                "id": 11467,
                "name": "Kicking",
                "members": [
                    
                ]
            },
            {
                "id": 11473,
                "name": "HeartyPaws",
                "members": [
                    
                ]
            },
            {
                "id": 11479,
                "name": "CoolasIce",
                "members": [
                    
                ]
            },
            {
                "id": 11485,
                "name": "MadeinAmerica",
                "members": [
                    
                ]
            },
            {
                "id": 11491,
                "name": "RoadHard",
                "members": [
                    
                ]
            },
            {
                "id": 11497,
                "name": "AsGoodasItGets",
                "members": [
                    
                ]
            },
            {
                "id": 11503,
                "name": "QuestforFire",
                "members": [
                    
                ]
            },
            {
                "id": 11509,
                "name": "teachers",
                "members": [
                    
                ]
            },
            {
                "id": 12594,
                "name": "Wooden Spoon6576",
                "members": [
                    
                ]
            },
            {
                "id": 12603,
                "name": "Wooden Spoon8758",
                "members": [
                    
                ]
            },
            {
                "id": 12106,
                "name": "Wooden Spoon6500",
                "members": [
                    
                ]
            },
            {
                "id": 12027,
                "name": "Wooden SpoonVIII",
                "members": [
                    
                ]
            },
            {
                "id": 12048,
                "name": "Wooden Spoon5470",
                "members": [
                    
                ]
            },
            {
                "id": 12051,
                "name": "Wooden Spoon006",
                "members": [
                    
                ]
            },
            {
                "id": 12059,
                "name": "Wooden Spoon004",
                "members": [
                    
                ]
            },
            {
                "id": 12189,
                "name": "Wooden Spoon6570",
                "members": [
                    
                ]
            },
            {
                "id": 12211,
                "name": "MG1",
                "members": [
                    
                ]
            },
            {
                "id": 12224,
                "name": "FairyTALE1",
                "members": [
                    
                ]
            },
            {
                "id": 12229,
                "name": "FairyTALE000",
                "members": [
                    
                ]
            },
            {
                "id": 12629,
                "name": "Wooden Spoon2598",
                "members": [
                    
                ]
            },
            {
                "id": 12286,
                "name": "Wooden Spoon222",
                "members": [
                    
                ]
            },
            {
                "id": 12289,
                "name": "Wooden Spoon456",
                "members": [
                    
                ]
            },
            {
                "id": 12338,
                "name": "Metal Spoon11100",
                "members": [
                    
                ]
            },
            {
                "id": 12641,
                "name": "Wooden Spoon4569",
                "members": [
                    
                ]
            },
            {
                "id": 12368,
                "name": "Wooden Spoon666",
                "members": [
                    
                ]
            },
            {
                "id": 12370,
                "name": "Wooden Spoon66669",
                "members": [
                    
                ]
            },
            {
                "id": 13262,
                "name": "Wooden Spoon1946",
                "members": [
                    
                ]
            },
            {
                "id": 12551,
                "name": "Wooden Spoon301",
                "members": [
                    
                ]
            },
            {
                "id": 12557,
                "name": "Wooden fork8978",
                "members": [
                    
                ]
            },
            {
                "id": 12909,
                "name": "MVDesroches",
                "members": [
                    
                ]
            },
            {
                "id": 12560,
                "name": "Wooden Spoon8888",
                "members": [
                    
                ]
            },
            {
                "id": 13507,
                "name": "Wooden Spoon001",
                "members": [
                    
                ]
            },
            {
                "id": 13906,
                "name": "Wooden Spoon283322",
                "members": [
                    
                ]
            },
            {
                "id": 12778,
                "name": "Wooden Spoon4869",
                "members": [
                    
                ]
            },
            {
                "id": 13920,
                "name": "Wooden Spoon976166",
                "members": [
                    
                ]
            },
            {
                "id": 12812,
                "name": "Wooden Spoon34",
                "members": [
                    
                ]
            },
            {
                "id": 12815,
                "name": "Wooden Spoon62604",
                "members": [
                    
                ]
            },
            {
                "id": 14045,
                "name": "Wooden Spoon69987",
                "members": [
                    
                ]
            },
            {
                "id": 12856,
                "name": "Wooden Spoon777894",
                "members": [
                    
                ]
            },
            {
                "id": 13846,
                "name": "Wooden03",
                "members": [
                    
                ]
            },
            {
                "id": 13412,
                "name": "Wooden Spoon654858",
                "members": [
                    
                ]
            },
            {
                "id": 13433,
                "name": "Wooden SpoonXIII",
                "members": [
                    
                ]
            },
            {
                "id": 14146,
                "name": "Wooden Spoon3",
                "members": [
                    
                ]
            },
            {
                "id": 17166,
                "name": "HelloWorld",
                "members": [
                    
                ]
            },
            {
                "id": 12084,
                "name": "Wooden SpoonAl112l11",
                "members": [
                    
                ]
            },
            {
                "id": 12109,
                "name": "Wooden Spoon65001",
                "members": [
                    
                ]
            },
            {
                "id": 12028,
                "name": "Wooden Spoon1234",
                "members": [
                    
                ]
            },
            {
                "id": 12030,
                "name": "Wooden Spoon4477",
                "members": [
                    
                ]
            },
            {
                "id": 12054,
                "name": "Wooden SpoonXI",
                "members": [
                    
                ]
            },
            {
                "id": 12060,
                "name": "Wo2o2ooden Spoon",
                "members": [
                    
                ]
            },
            {
                "id": 12191,
                "name": "Wooden Spoon995",
                "members": [
                    
                ]
            },
            {
                "id": 12212,
                "name": "ALittleBitMore",
                "members": [
                    
                ]
            },
            {
                "id": 12226,
                "name": "FairyTALE3",
                "members": [
                    
                ]
            },
            {
                "id": 12234,
                "name": "crying spoon",
                "members": [
                    
                ]
            },
            {
                "id": 12291,
                "name": "Wooden Spoon603",
                "members": [
                    
                ]
            },
            {
                "id": 12308,
                "name": "full stack tester01111",
                "members": [
                    
                ]
            },
            {
                "id": 12340,
                "name": "Wooden Spoon56733",
                "members": [
                    
                ]
            },
            {
                "id": 12598,
                "name": "Wooden Spoon65756",
                "members": [
                    
                ]
            },
            {
                "id": 12369,
                "name": "Wooden Spoon6666",
                "members": [
                    
                ]
            },
            {
                "id": 12382,
                "name": "Wooden Spoon111",
                "members": [
                    
                ]
            },
            {
                "id": 12401,
                "name": "Wooden Spoon6574",
                "members": [
                    
                ]
            },
            {
                "id": 12734,
                "name": "WoodenSpoo2231",
                "members": [
                    
                ]
            },
            {
                "id": 12571,
                "name": "Wooden Spoon97",
                "members": [
                    
                ]
            },
            {
                "id": 13280,
                "name": "Furious",
                "members": [
                    
                ]
            },
            {
                "id": 12905,
                "name": "New Member6919",
                "members": [
                    
                ]
            },
            {
                "id": 13915,
                "name": "Wooden Spoon6568",
                "members": [
                    
                ]
            },
            {
                "id": 12786,
                "name": "Wooden Spoon family",
                "members": [
                    
                ]
            },
            {
                "id": 12798,
                "name": "Wooden Spoon8004",
                "members": [
                    
                ]
            },
            {
                "id": 13522,
                "name": "Nisso6116",
                "members": [
                    
                ]
            },
            {
                "id": 13921,
                "name": "Wooden Spoon2369",
                "members": [
                    
                ]
            },
            {
                "id": 12874,
                "name": "ali",
                "members": [
                    
                ]
            },
            {
                "id": 13794,
                "name": "Wooden Spoon9776",
                "members": [
                    
                ]
            },
            {
                "id": 13868,
                "name": "Wooden Spoon2344",
                "members": [
                    
                ]
            },
            {
                "id": 14107,
                "name": "Wooden Spoonnnn",
                "members": [
                    
                ]
            },
            {
                "id": 14109,
                "name": "BLABLAgd",
                "members": [
                    
                ]
            },
            {
                "id": 14813,
                "name": "North",
                "members": [
                    
                ]
            },
            {
                "id": 17256,
                "name": "Invincible",
                "members": [
                    
                ]
            },
            {
                "id": 12085,
                "name": "Wooden SpoonAl1122l11",
                "members": [
                    
                ]
            },
            {
                "id": 12089,
                "name": "Wooden SpoonAl112121l111",
                "members": [
                    
                ]
            },
            {
                "id": 12599,
                "name": "Wooden Spoon4555",
                "members": [
                    
                ]
            },
            {
                "id": 12029,
                "name": "Wooden Spoon5430",
                "members": [
                    
                ]
            },
            {
                "id": 12600,
                "name": "Wooden Spoon9875",
                "members": [
                    
                ]
            },
            {
                "id": 12071,
                "name": "Wooden Spoon6546",
                "members": [
                    
                ]
            },
            {
                "id": 12193,
                "name": "Wooden Spoon994",
                "members": [
                    
                ]
            },
            {
                "id": 12883,
                "name": "Wooden Spoon4866",
                "members": [
                    
                ]
            },
            {
                "id": 12238,
                "name": "Crying Spoon1",
                "members": [
                    
                ]
            },
            {
                "id": 12239,
                "name": "Crying Spoon23",
                "members": [
                    
                ]
            },
            {
                "id": 12240,
                "name": "Crying Spoon123",
                "members": [
                    
                ]
            },
            {
                "id": 12293,
                "name": "Wooden Spoon1833",
                "members": [
                    
                ]
            },
            {
                "id": 12304,
                "name": "Wooden Spoon6542",
                "members": [
                    
                ]
            },
            {
                "id": 12341,
                "name": "Metal Spoon1123100",
                "members": [
                    
                ]
            },
            {
                "id": 13922,
                "name": "Iuliia123",
                "members": [
                    
                ]
            },
            {
                "id": 12371,
                "name": "Wooden Spoon666696",
                "members": [
                    
                ]
            },
            {
                "id": 12372,
                "name": "Wooden Spoon420",
                "members": [
                    
                ]
            },
            {
                "id": 12380,
                "name": "Wooden Spoon56739",
                "members": [
                    
                ]
            },
            {
                "id": 12782,
                "name": "Woo2231",
                "members": [
                    
                ]
            },
            {
                "id": 12692,
                "name": "Wooden Spoon65644",
                "members": [
                    
                ]
            },
            {
                "id": 13127,
                "name": "Avengers115",
                "members": [
                    
                ]
            },
            {
                "id": 12809,
                "name": "Wooden Spoon7580",
                "members": [
                    
                ]
            },
            {
                "id": 12926,
                "name": "Wooden Spoon7byt8",
                "members": [
                    
                ]
            },
            {
                "id": 12816,
                "name": "Wooden Spoon8412",
                "members": [
                    
                ]
            },
            {
                "id": 12947,
                "name": "New Member5919",
                "members": [
                    
                ]
            },
            {
                "id": 12817,
                "name": "Wooden Spoon7585",
                "members": [
                    
                ]
            },
            {
                "id": 12818,
                "name": "New Member6819",
                "members": [
                    
                ]
            },
            {
                "id": 12820,
                "name": "Wooden Spoon654649",
                "members": [
                    
                ]
            },
            {
                "id": 12821,
                "name": "Wooden SSpoon9",
                "members": [
                    
                ]
            },
            {
                "id": 12950,
                "name": "Cucumber96",
                "members": [
                    
                ]
            },
            {
                "id": 14108,
                "name": "BLABLA",
                "members": [
                    
                ]
            },
            {
                "id": 13780,
                "name": "Wooden Spoon87654",
                "members": [
                    
                ]
            },
            {
                "id": 14154,
                "name": "Wooden Spoon6543456569876",
                "members": [
                    
                ]
            },
            {
                "id": 14207,
                "name": "Wooden Spoon3675687",
                "members": [
                    
                ]
            },
            {
                "id": 12086,
                "name": "Wooden SpoonAl11221l11",
                "members": [
                    
                ]
            },
            {
                "id": 12108,
                "name": "Wooden Spoo",
                "members": [
                    
                ]
            },
            {
                "id": 12031,
                "name": "Wooden Spoon2311",
                "members": [
                    
                ]
            },
            {
                "id": 12047,
                "name": "Wooden Spoon Family101",
                "members": [
                    
                ]
            },
            {
                "id": 12050,
                "name": "Woo2ooden Spoon",
                "members": [
                    
                ]
            },
            {
                "id": 12601,
                "name": "Wooden Spoon69",
                "members": [
                    
                ]
            },
            {
                "id": 12057,
                "name": "Wooden Spoon Family102",
                "members": [
                    
                ]
            },
            {
                "id": 12058,
                "name": "Wooden Spoon5678",
                "members": [
                    
                ]
            },
            {
                "id": 12075,
                "name": "Wooden SpoonAl11l11",
                "members": [
                    
                ]
            },
            {
                "id": 12899,
                "name": "Wooden Spoon48696",
                "members": [
                    
                ]
            },
            {
                "id": 12748,
                "name": "WoodenS2231",
                "members": [
                    
                ]
            },
            {
                "id": 13535,
                "name": "Wooden Spoon65759",
                "members": [
                    
                ]
            },
            {
                "id": 13937,
                "name": "Wooden Spoon2323",
                "members": [
                    
                ]
            },
            {
                "id": 12124,
                "name": "Wooden Spoon090",
                "members": [
                    
                ]
            },
            {
                "id": 12126,
                "name": "Wooden Spoonkuesdhfiu",
                "members": [
                    
                ]
            },
            {
                "id": 12129,
                "name": "Wooden Spoon912",
                "members": [
                    
                ]
            },
            {
                "id": 12953,
                "name": "Cucumber948",
                "members": [
                    
                ]
            },
            {
                "id": 13169,
                "name": "Future SDET life",
                "members": [
                    
                ]
            },
            {
                "id": 12137,
                "name": "Wooden Spoon999",
                "members": [
                    
                ]
            },
            {
                "id": 12138,
                "name": "Wooden Spoon77",
                "members": [
                    
                ]
            },
            {
                "id": 12139,
                "name": "Wooden Spoon79",
                "members": [
                    
                ]
            },
            {
                "id": 12143,
                "name": "Ihor Spoon256",
                "members": [
                    
                ]
            },
            {
                "id": 12144,
                "name": "Ihor Spoon235",
                "members": [
                    
                ]
            },
            {
                "id": 12145,
                "name": "Ihor Spoon237",
                "members": [
                    
                ]
            },
            {
                "id": 12148,
                "name": "TheBestOffer111",
                "members": [
                    
                ]
            },
            {
                "id": 12162,
                "name": "Wooden Spoon11",
                "members": [
                    
                ]
            },
            {
                "id": 12164,
                "name": "Wooden Spoon6511",
                "members": [
                    
                ]
            },
            {
                "id": 12165,
                "name": "Wooden Spoon21",
                "members": [
                    
                ]
            },
            {
                "id": 12166,
                "name": "Wooden Spoon6512",
                "members": [
                    
                ]
            },
            {
                "id": 12168,
                "name": "TheBestOffer112",
                "members": [
                    
                ]
            },
            {
                "id": 12169,
                "name": "TheBestOffer09",
                "members": [
                    
                ]
            },
            {
                "id": 12170,
                "name": "Wooden Spoon6577",
                "members": [
                    
                ]
            },
            {
                "id": 12194,
                "name": "Wooden Spoon992",
                "members": [
                    
                ]
            },
            {
                "id": 12215,
                "name": "Wooden Spoon998989",
                "members": [
                    
                ]
            },
            {
                "id": 12241,
                "name": "Crying Spoon1234",
                "members": [
                    
                ]
            },
            {
                "id": 12296,
                "name": "Wooden Spoon15383",
                "members": [
                    
                ]
            },
            {
                "id": 12704,
                "name": "Wooden Spoon1255",
                "members": [
                    
                ]
            },
            {
                "id": 12347,
                "name": "Wooden Spoon56737",
                "members": [
                    
                ]
            },
            {
                "id": 14017,
                "name": "Wooden Spoon3544",
                "members": [
                    
                ]
            },
            {
                "id": 12366,
                "name": "Wooden Spoon 23",
                "members": [
                    
                ]
            },
            {
                "id": 12381,
                "name": "Wooden Spoon56791",
                "members": [
                    
                ]
            },
            {
                "id": 12802,
                "name": "Wooden Spoon7579",
                "members": [
                    
                ]
            },
            {
                "id": 12822,
                "name": "Wooden Spoon4565454",
                "members": [
                    
                ]
            },
            {
                "id": 14053,
                "name": "Wooden12",
                "members": [
                    
                ]
            },
            {
                "id": 13023,
                "name": "Avengers114",
                "members": [
                    
                ]
            },
            {
                "id": 13348,
                "name": "Wooden Spoon688",
                "members": [
                    
                ]
            },
            {
                "id": 13362,
                "name": "Wooden Forrkk",
                "members": [
                    
                ]
            },
            {
                "id": 14062,
                "name": "Wooden SpoonZa",
                "members": [
                    
                ]
            },
            {
                "id": 13847,
                "name": "Wooden Spoon611kh78",
                "members": [
                    
                ]
            },
            {
                "id": 13435,
                "name": "Mohammed234",
                "members": [
                    
                ]
            },
            {
                "id": 13437,
                "name": "Ihor Spoon269",
                "members": [
                    
                ]
            },
            {
                "id": 14110,
                "name": "BLABLAgddvgde",
                "members": [
                    
                ]
            },
            {
                "id": 14124,
                "name": "Wooden Spoon3215686",
                "members": [
                    
                ]
            },
            {
                "id": 14208,
                "name": "Wooden Spoon3605687",
                "members": [
                    
                ]
            },
            {
                "id": 12087,
                "name": "Wooden SpoonAl11221l111",
                "members": [
                    
                ]
            },
            {
                "id": 12032,
                "name": "Wooden Spoon4246",
                "members": [
                    
                ]
            },
            {
                "id": 12037,
                "name": "Wooooden Spoon",
                "members": [
                    
                ]
            },
            {
                "id": 12044,
                "name": "Wooden Spoon007",
                "members": [
                    
                ]
            },
            {
                "id": 12064,
                "name": "Wodden !!!!!",
                "members": [
                    
                ]
            },
            {
                "id": 12090,
                "name": "Wooden SpoonAl1121121l111",
                "members": [
                    
                ]
            },
            {
                "id": 12093,
                "name": "Wooden Spoon6571234",
                "members": [
                    
                ]
            },
            {
                "id": 12120,
                "name": "Wooden Spoon8876",
                "members": [
                    
                ]
            },
            {
                "id": 12602,
                "name": "Wooden Spoon1813",
                "members": [
                    
                ]
            },
            {
                "id": 12604,
                "name": "Wooden Spoon8662",
                "members": [
                    
                ]
            },
            {
                "id": 12128,
                "name": "Wooden Spoon0912",
                "members": [
                    
                ]
            },
            {
                "id": 12737,
                "name": "Wooden Spoon25412",
                "members": [
                    
                ]
            },
            {
                "id": 12133,
                "name": "Wooden Spoon6575",
                "members": [
                    
                ]
            },
            {
                "id": 12135,
                "name": "Wooden Spoon00",
                "members": [
                    
                ]
            },
            {
                "id": 12140,
                "name": "Wooden Spoon8964",
                "members": [
                    
                ]
            },
            {
                "id": 12141,
                "name": "Wooden Spoon6834",
                "members": [
                    
                ]
            },
            {
                "id": 12147,
                "name": "Ihor Spoon268",
                "members": [
                    
                ]
            },
            {
                "id": 12150,
                "name": "Wooden Spo",
                "members": [
                    
                ]
            },
            {
                "id": 12161,
                "name": "Wooden Spoon10",
                "members": [
                    
                ]
            },
            {
                "id": 12163,
                "name": "Wooden Spoon22",
                "members": [
                    
                ]
            },
            {
                "id": 12171,
                "name": "Wooden Spoon6579",
                "members": [
                    
                ]
            },
            {
                "id": 12172,
                "name": "TheBestOffer88",
                "members": [
                    
                ]
            },
            {
                "id": 12195,
                "name": "Wooden Spoon991",
                "members": [
                    
                ]
            },
            {
                "id": 13480,
                "name": "Karate Man",
                "members": [
                    
                ]
            },
            {
                "id": 12223,
                "name": "FairyTALE9",
                "members": [
                    
                ]
            },
            {
                "id": 12242,
                "name": "Crying Spoon111",
                "members": [
                    
                ]
            },
            {
                "id": 12680,
                "name": "Wooden Spoon556",
                "members": [
                    
                ]
            },
            {
                "id": 12250,
                "name": "Wooden Spoon98277",
                "members": [
                    
                ]
            },
            {
                "id": 12253,
                "name": "Wooden Spoon151515",
                "members": [
                    
                ]
            },
            {
                "id": 12266,
                "name": "Wooden Spoon5437",
                "members": [
                    
                ]
            },
            {
                "id": 12766,
                "name": "Wooden Spoon4867",
                "members": [
                    
                ]
            },
            {
                "id": 12298,
                "name": "Wooden Spoon777777",
                "members": [
                    
                ]
            },
            {
                "id": 12309,
                "name": "Wooden Spoon2023",
                "members": [
                    
                ]
            },
            {
                "id": 12328,
                "name": "Wooden Spoon65002",
                "members": [
                    
                ]
            },
            {
                "id": 12348,
                "name": "Wooden Spoon56738",
                "members": [
                    
                ]
            },
            {
                "id": 12792,
                "name": "WoodenSpoons22311111",
                "members": [
                    
                ]
            },
            {
                "id": 12814,
                "name": "Cucumber999",
                "members": [
                    
                ]
            },
            {
                "id": 12908,
                "name": "Wooden Spoon486986",
                "members": [
                    
                ]
            },
            {
                "id": 13099,
                "name": "Wooden Spoon7bxt8",
                "members": [
                    
                ]
            },
            {
                "id": 13954,
                "name": "Wooden Spoon666687",
                "members": [
                    
                ]
            },
            {
                "id": 13049,
                "name": "Wooden Spoon6174",
                "members": [
                    
                ]
            },
            {
                "id": 13186,
                "name": "Avengers116",
                "members": [
                    
                ]
            },
            {
                "id": 13199,
                "name": "Avengers117",
                "members": [
                    
                ]
            },
            {
                "id": 14041,
                "name": "Wooden Spoon69988",
                "members": [
                    
                ]
            },
            {
                "id": 13383,
                "name": "Wooden Spoon4869786",
                "members": [
                    
                ]
            },
            {
                "id": 14054,
                "name": "Wooden 1223455",
                "members": [
                    
                ]
            },
            {
                "id": 13424,
                "name": "nazzzzz",
                "members": [
                    
                ]
            },
            {
                "id": 14055,
                "name": "Wooden 122345535236",
                "members": [
                    
                ]
            },
            {
                "id": 14065,
                "name": "Wooden SpoonZa377",
                "members": [
                    
                ]
            },
            {
                "id": 13445,
                "name": "Wooden Spoon88790",
                "members": [
                    
                ]
            },
            {
                "id": 13754,
                "name": "RoseBut",
                "members": [
                    
                ]
            },
            {
                "id": 13772,
                "name": "Wooden Spoon23",
                "members": [
                    
                ]
            },
            {
                "id": 14112,
                "name": "NewTeam",
                "members": [
                    
                ]
            },
            {
                "id": 14177,
                "name": "Wooden Spoon",
                "members": [
                    
                ]
            },
            {
                "id": 13824,
                "name": "Ihor Spoon270",
                "members": [
                    
                ]
            },
            {
                "id": 14209,
                "name": "Wooden Spoon36125687",
                "members": [
                    
                ]
            },
            {
                "id": 12088,
                "name": "WoodenAll1231",
                "members": [
                    
                ]
            },
            {
                "id": 12033,
                "name": "Wooden Sporon",
                "members": [
                    
                ]
            },
            {
                "id": 12038,
                "name": "Wooden Spoon6178",
                "members": [
                    
                ]
            },
            {
                "id": 12065,
                "name": "Wooden Spoon5679",
                "members": [
                    
                ]
            },
            {
                "id": 12180,
                "name": "TheBestOffer882",
                "members": [
                    
                ]
            },
            {
                "id": 12196,
                "name": "Wooden Spoon990",
                "members": [
                    
                ]
            },
            {
                "id": 12225,
                "name": "FairyTALE2",
                "members": [
                    
                ]
            },
            {
                "id": 12605,
                "name": "Wooden Spoon65740",
                "members": [
                    
                ]
            },
            {
                "id": 12247,
                "name": "Wooden Spoon98272",
                "members": [
                    
                ]
            },
            {
                "id": 12248,
                "name": "Wooden Spoon98276",
                "members": [
                    
                ]
            },
            {
                "id": 12249,
                "name": "Wooden Spoon98270",
                "members": [
                    
                ]
            },
            {
                "id": 12299,
                "name": "Wooden Spoon6567",
                "members": [
                    
                ]
            },
            {
                "id": 12302,
                "name": "Wooden Spoon7",
                "members": [
                    
                ]
            },
            {
                "id": 12625,
                "name": "Star",
                "members": [
                    
                ]
            },
            {
                "id": 13485,
                "name": "full stack tester011122",
                "members": [
                    
                ]
            },
            {
                "id": 12654,
                "name": "WoodenSpoo223",
                "members": [
                    
                ]
            },
            {
                "id": 12935,
                "name": "Cucumber978",
                "members": [
                    
                ]
            },
            {
                "id": 13902,
                "name": "Wooden Spoon6543",
                "members": [
                    
                ]
            },
            {
                "id": 12941,
                "name": "Cucumber964",
                "members": [
                    
                ]
            },
            {
                "id": 12689,
                "name": "Wooden Spoon1200",
                "members": [
                    
                ]
            },
            {
                "id": 13335,
                "name": "Wooden Spoon0101",
                "members": [
                    
                ]
            },
            {
                "id": 12959,
                "name": "Cucumber78",
                "members": [
                    
                ]
            },
            {
                "id": 13524,
                "name": "Wooden Spoon003",
                "members": [
                    
                ]
            },
            {
                "id": 12857,
                "name": "Wooden Spoon9000",
                "members": [
                    
                ]
            },
            {
                "id": 13541,
                "name": "Wooden SpoonAl1121121l1111",
                "members": [
                    
                ]
            },
            {
                "id": 13918,
                "name": "Wooden Spoon9761",
                "members": [
                    
                ]
            },
            {
                "id": 12879,
                "name": "Wooden Spoon4861",
                "members": [
                    
                ]
            },
            {
                "id": 13697,
                "name": "NullMM",
                "members": [
                    
                ]
            },
            {
                "id": 13778,
                "name": "RoseBut1",
                "members": [
                    
                ]
            },
            {
                "id": 13793,
                "name": "Wooden Spoon888",
                "members": [
                    
                ]
            },
            {
                "id": 13826,
                "name": "Ihor Spoon272",
                "members": [
                    
                ]
            },
            {
                "id": 13859,
                "name": "Wooden10",
                "members": [
                    
                ]
            },
            {
                "id": 14063,
                "name": "Wooden SpoonZa7",
                "members": [
                    
                ]
            },
            {
                "id": 14069,
                "name": "ZafurZafur",
                "members": [
                    
                ]
            },
            {
                "id": 14594,
                "name": "Wooden Spoon3604",
                "members": [
                    
                ]
            },
            {
                "id": 17517,
                "name": "Heaven",
                "members": [
                    
                ]
            },
            {
                "id": 17518,
                "name": "Unutulmaz",
                "members": [
                    
                ]
            },
            {
                "id": 12091,
                "name": "Sprinters",
                "members": [
                    
                ]
            },
            {
                "id": 12094,
                "name": "Wooden Spoon65371234",
                "members": [
                    
                ]
            },
            {
                "id": 12036,
                "name": "Wooden Spoon4249",
                "members": [
                    
                ]
            },
            {
                "id": 12606,
                "name": "Wooden Spoon231125",
                "members": [
                    
                ]
            },
            {
                "id": 13904,
                "name": "Wooden Spoon28334",
                "members": [
                    
                ]
            },
            {
                "id": 12067,
                "name": "Wooden Spoon5670",
                "members": [
                    
                ]
            },
            {
                "id": 12069,
                "name": "Wooden Spoon5671",
                "members": [
                    
                ]
            },
            {
                "id": 12181,
                "name": "TheBestOffer883",
                "members": [
                    
                ]
            },
            {
                "id": 12198,
                "name": "MuRoNull",
                "members": [
                    
                ]
            },
            {
                "id": 12199,
                "name": "MuRNull",
                "members": [
                    
                ]
            },
            {
                "id": 12204,
                "name": "NullMuRo",
                "members": [
                    
                ]
            },
            {
                "id": 12209,
                "name": "MG",
                "members": [
                    
                ]
            },
            {
                "id": 12210,
                "name": "Smile",
                "members": [
                    
                ]
            },
            {
                "id": 12216,
                "name": "ALittleBitMorex2",
                "members": [
                    
                ]
            },
            {
                "id": 12228,
                "name": "FairyTALE4",
                "members": [
                    
                ]
            },
            {
                "id": 12232,
                "name": "MG208",
                "members": [
                    
                ]
            },
            {
                "id": 12616,
                "name": "Karate peopl",
                "members": [
                    
                ]
            },
            {
                "id": 12254,
                "name": "Wooden Spoon120",
                "members": [
                    
                ]
            },
            {
                "id": 12264,
                "name": "Wooden Tayyip",
                "members": [
                    
                ]
            },
            {
                "id": 12620,
                "name": "Wooden Spoon 1736",
                "members": [
                    
                ]
            },
            {
                "id": 12303,
                "name": "Wooden Spoon6605",
                "members": [
                    
                ]
            },
            {
                "id": 12306,
                "name": "Didarchik",
                "members": [
                    
                ]
            },
            {
                "id": 12311,
                "name": "Wooden Spoon 1735",
                "members": [
                    
                ]
            },
            {
                "id": 12312,
                "name": "Wooden Spoon1092",
                "members": [
                    
                ]
            },
            {
                "id": 12635,
                "name": "WoodenSpoo22",
                "members": [
                    
                ]
            },
            {
                "id": 12751,
                "name": "Wooden Spoon5464",
                "members": [
                    
                ]
            },
            {
                "id": 12509,
                "name": "Wooden Spoon7678",
                "members": [
                    
                ]
            },
            {
                "id": 12546,
                "name": "Wooden Spoon6513",
                "members": [
                    
                ]
            },
            {
                "id": 12561,
                "name": "Wooden Spoon65745",
                "members": [
                    
                ]
            },
            {
                "id": 12562,
                "name": "Wooden Spoon300s3",
                "members": [
                    
                ]
            },
            {
                "id": 12579,
                "name": "Wooden Spoon8812",
                "members": [
                    
                ]
            },
            {
                "id": 12589,
                "name": "Wooden Spoon2048",
                "members": [
                    
                ]
            },
            {
                "id": 12590,
                "name": "Wooden Spoon6839",
                "members": [
                    
                ]
            },
            {
                "id": 12910,
                "name": "Mo45234",
                "members": [
                    
                ]
            },
            {
                "id": 12660,
                "name": "Wooden Spoon6501",
                "members": [
                    
                ]
            },
            {
                "id": 13134,
                "name": "Table Spoon123",
                "members": [
                    
                ]
            },
            {
                "id": 13337,
                "name": "Wooden Spoon01",
                "members": [
                    
                ]
            },
            {
                "id": 12960,
                "name": "Wooden Spoon5432",
                "members": [
                    
                ]
            },
            {
                "id": 13342,
                "name": "Wooden Spoon657412",
                "members": [
                    
                ]
            },
            {
                "id": 14061,
                "name": "Wooden SpoonZ",
                "members": [
                    
                ]
            },
            {
                "id": 13802,
                "name": "Wooden Spoon12df56",
                "members": [
                    
                ]
            },
            {
                "id": 13404,
                "name": "Wooden Spoon7677",
                "members": [
                    
                ]
            },
            {
                "id": 14067,
                "name": "Wooden SpoonZa39177",
                "members": [
                    
                ]
            },
            {
                "id": 13857,
                "name": "Wooden08",
                "members": [
                    
                ]
            },
            {
                "id": 13862,
                "name": "Wooden Spoon3115355",
                "members": [
                    
                ]
            },
            {
                "id": 14595,
                "name": "Wooden Spoon36047",
                "members": [
                    
                ]
            },
            {
                "id": 17198,
                "name": "Dummies",
                "members": [
                    
                ]
            },
            {
                "id": 12092,
                "name": "WoodenAll12311",
                "members": [
                    
                ]
            },
            {
                "id": 12039,
                "name": "Wooden Spoon909",
                "members": [
                    
                ]
            },
            {
                "id": 12045,
                "name": "WoodenAll",
                "members": [
                    
                ]
            },
            {
                "id": 12096,
                "name": "Wooden Spoon65334",
                "members": [
                    
                ]
            },
            {
                "id": 12607,
                "name": "Wooden Spoon6888",
                "members": [
                    
                ]
            },
            {
                "id": 12182,
                "name": "Wooden Spoon404",
                "members": [
                    
                ]
            },
            {
                "id": 12200,
                "name": "MuNull",
                "members": [
                    
                ]
            },
            {
                "id": 12201,
                "name": "Wooden Spoon7656",
                "members": [
                    
                ]
            },
            {
                "id": 12202,
                "name": "MNull",
                "members": [
                    
                ]
            },
            {
                "id": 12217,
                "name": "ALittleBitMorePlease",
                "members": [
                    
                ]
            },
            {
                "id": 12220,
                "name": "MG1234",
                "members": [
                    
                ]
            },
            {
                "id": 12222,
                "name": "MG21",
                "members": [
                    
                ]
            },
            {
                "id": 12246,
                "name": "Wooden Spoon98273",
                "members": [
                    
                ]
            },
            {
                "id": 12278,
                "name": "Wooden Forkk",
                "members": [
                    
                ]
            },
            {
                "id": 12283,
                "name": "Wooden Spoon6894",
                "members": [
                    
                ]
            },
            {
                "id": 12314,
                "name": "Table Spoon",
                "members": [
                    
                ]
            },
            {
                "id": 12745,
                "name": "Wooden Spoon1819",
                "members": [
                    
                ]
            },
            {
                "id": 13255,
                "name": "Wooden Spoon95627",
                "members": [
                    
                ]
            },
            {
                "id": 12897,
                "name": "Marie",
                "members": [
                    
                ]
            },
            {
                "id": 12839,
                "name": "Cucumber998",
                "members": [
                    
                ]
            },
            {
                "id": 12568,
                "name": "Wooden Spoon45454",
                "members": [
                    
                ]
            },
            {
                "id": 12572,
                "name": "Wooden Spoon6000",
                "members": [
                    
                ]
            },
            {
                "id": 12581,
                "name": "Wooden Spoon2014",
                "members": [
                    
                ]
            },
            {
                "id": 12583,
                "name": "Wooden Spoon8889",
                "members": [
                    
                ]
            },
            {
                "id": 12588,
                "name": "Wooden SpoonXII",
                "members": [
                    
                ]
            },
            {
                "id": 12922,
                "name": "WWooden SSpoon9",
                "members": [
                    
                ]
            },
            {
                "id": 13914,
                "name": "Wooden Spoon6562",
                "members": [
                    
                ]
            },
            {
                "id": 12700,
                "name": "Wooden Spoon656774",
                "members": [
                    
                ]
            },
            {
                "id": 12705,
                "name": "Wooden Spoon4545",
                "members": [
                    
                ]
            },
            {
                "id": 13331,
                "name": "Wooden Spoon9636363",
                "members": [
                    
                ]
            },
            {
                "id": 12965,
                "name": "Cucumber48",
                "members": [
                    
                ]
            },
            {
                "id": 13499,
                "name": "Wooden Spoon02",
                "members": [
                    
                ]
            },
            {
                "id": 13346,
                "name": "Wooden Spoon3215687",
                "members": [
                    
                ]
            },
            {
                "id": 12729,
                "name": "Wooden Spoon45334",
                "members": [
                    
                ]
            },
            {
                "id": 13372,
                "name": "Wooden Spoonked",
                "members": [
                    
                ]
            },
            {
                "id": 13609,
                "name": "Wooden Spoon30093",
                "members": [
                    
                ]
            },
            {
                "id": 13978,
                "name": "Entarisi DimDim",
                "members": [
                    
                ]
            },
            {
                "id": 13986,
                "name": "Wooden Spoon2325",
                "members": [
                    
                ]
            },
            {
                "id": 13707,
                "name": "Hello Team",
                "members": [
                    
                ]
            },
            {
                "id": 13712,
                "name": "Wooden Spoon10777",
                "members": [
                    
                ]
            },
            {
                "id": 14064,
                "name": "Wooden SpoonZa77",
                "members": [
                    
                ]
            },
            {
                "id": 14130,
                "name": "ZafuerZafur",
                "members": [
                    
                ]
            },
            {
                "id": 14132,
                "name": "Wooden Spoon32156871",
                "members": [
                    
                ]
            },
            {
                "id": 13845,
                "name": "Wooden02",
                "members": [
                    
                ]
            },
            {
                "id": 13848,
                "name": "Wooden Spoon3215655",
                "members": [
                    
                ]
            },
            {
                "id": 13849,
                "name": "Wooden04",
                "members": [
                    
                ]
            },
            {
                "id": 13855,
                "name": "Wooden06",
                "members": [
                    
                ]
            },
            {
                "id": 13858,
                "name": "Wooden09",
                "members": [
                    
                ]
            },
            {
                "id": 13860,
                "name": "Wooden11",
                "members": [
                    
                ]
            },
            {
                "id": 13867,
                "name": "Wooden Spoon 12",
                "members": [
                    
                ]
            },
            {
                "id": 13870,
                "name": "Wooden Spoon3444",
                "members": [
                    
                ]
            },
            {
                "id": 14190,
                "name": "Cucumber909",
                "members": [
                    
                ]
            },
            {
                "id": 14596,
                "name": "Wooden Spoon36237",
                "members": [
                    
                ]
            },
            {
                "id": 12095,
                "name": "Wooden Spoon6537134234",
                "members": [
                    
                ]
            },
            {
                "id": 12183,
                "name": "WoodenSpoon6579",
                "members": [
                    
                ]
            },
            {
                "id": 12203,
                "name": "MmmNull",
                "members": [
                    
                ]
            },
            {
                "id": 12207,
                "name": "SG",
                "members": [
                    
                ]
            },
            {
                "id": 12213,
                "name": "MG12",
                "members": [
                    
                ]
            },
            {
                "id": 12231,
                "name": "MG201",
                "members": [
                    
                ]
            },
            {
                "id": 12267,
                "name": "Wooden Spoon5427",
                "members": [
                    
                ]
            },
            {
                "id": 12284,
                "name": "Wooden Spoon1500",
                "members": [
                    
                ]
            },
            {
                "id": 12317,
                "name": "Wooden Spoon773",
                "members": [
                    
                ]
            },
            {
                "id": 12326,
                "name": "bowowwwoo",
                "members": [
                    
                ]
            },
            {
                "id": 12608,
                "name": "Wooden Spoon5846",
                "members": [
                    
                ]
            },
            {
                "id": 12615,
                "name": "Wooden Spoon7543",
                "members": [
                    
                ]
            },
            {
                "id": 12543,
                "name": "Wooden Spoon10007",
                "members": [
                    
                ]
            },
            {
                "id": 12549,
                "name": "Wooden Spoon23112",
                "members": [
                    
                ]
            },
            {
                "id": 12563,
                "name": "Wooden Spoon7777777",
                "members": [
                    
                ]
            },
            {
                "id": 12564,
                "name": "Wooden Spoon6589",
                "members": [
                    
                ]
            },
            {
                "id": 12565,
                "name": "Wooden Spoon6610",
                "members": [
                    
                ]
            },
            {
                "id": 12566,
                "name": "Wooden Spoon656734",
                "members": [
                    
                ]
            },
            {
                "id": 12567,
                "name": "Wooden Spoon9",
                "members": [
                    
                ]
            },
            {
                "id": 12573,
                "name": "Wooden Spoon65009",
                "members": [
                    
                ]
            },
            {
                "id": 12575,
                "name": "Wooden Spoon13383",
                "members": [
                    
                ]
            },
            {
                "id": 12585,
                "name": "Wooden Spoon65174",
                "members": [
                    
                ]
            },
            {
                "id": 12591,
                "name": "Wooden Spoon65476",
                "members": [
                    
                ]
            },
            {
                "id": 12592,
                "name": "Wooden Spoon99877",
                "members": [
                    
                ]
            },
            {
                "id": 12623,
                "name": "Wooden Spoon61h78",
                "members": [
                    
                ]
            },
            {
                "id": 12771,
                "name": "Wooden Spoon1894",
                "members": [
                    
                ]
            },
            {
                "id": 13916,
                "name": "Wooden Spoon5268",
                "members": [
                    
                ]
            },
            {
                "id": 12640,
                "name": "Wooden Spoon 1737",
                "members": [
                    
                ]
            },
            {
                "id": 12902,
                "name": "Wooden Spoon6269604",
                "members": [
                    
                ]
            },
            {
                "id": 14011,
                "name": "Wooden Spoon321568587",
                "members": [
                    
                ]
            },
            {
                "id": 12836,
                "name": "Wooden Spoon7586",
                "members": [
                    
                ]
            },
            {
                "id": 12866,
                "name": "Wooden Spoon8074",
                "members": [
                    
                ]
            },
            {
                "id": 12974,
                "name": "Avengers113",
                "members": [
                    
                ]
            },
            {
                "id": 12878,
                "name": "Avengers111",
                "members": [
                    
                ]
            },
            {
                "id": 13639,
                "name": "full stack tester0111665588",
                "members": [
                    
                ]
            },
            {
                "id": 14028,
                "name": "Wooden Spoon3214",
                "members": [
                    
                ]
            },
            {
                "id": 13381,
                "name": "Wooden Spoon2307987",
                "members": [
                    
                ]
            },
            {
                "id": 14066,
                "name": "Wooden SpoonZa3977",
                "members": [
                    
                ]
            },
            {
                "id": 13203,
                "name": "Wooden Spood9m",
                "members": [
                    
                ]
            },
            {
[...]
                "id": 15000,
                "name": "Wooden Spoon35",
                "members": [
                    
                ]
            },
            {
                "id": 15014,
                "name": "Wooden Spoon7483",
                "members": [
                    
                ]
            },
            {
                "id": 15607,
                "name": "Wooden Spoon07795",
                "members": [
                    
                ]
            },
            {
                "id": 15091,
                "name": "Wooden Spoon3667564",
                "members": [
                    
                ]
            },
            {
                "id": 15096,
                "name": "LeagueOfNations",
                "members": [
                    
                ]
            },
            {
                "id": 16362,
                "name": "Wooden Spoon3684",
                "members": [
                    
                ]
            },
            {
                "id": 15101,
                "name": "Wooden Spoon07790",
                "members": [
                    
                ]
            },
            {
                "id": 16363,
                "name": "Wooden Spoon366764",
                "members": [
                    
                ]
            },
            {
                "id": 15110,
                "name": "Wooden Spoon1saaasdfh7",
                "members": [
                    
                ]
            },
            {
                "id": 15126,
                "name": "Wooden Spoon0609",
                "members": [
                    
                ]
            },
            {
                "id": 15768,
                "name": "Wooden Spoon654",
                "members": [
                    
                ]
            },
            {
                "id": 15772,
                "name": "Wooden Spoon90876",
                "members": [
                    
                ]
            },
            {
                "id": 15165,
                "name": "Wooden Spoon77111118",
                "members": [
                    
                ]
            },
            {
                "id": 15167,
                "name": "Wooden Spoon7711111118",
                "members": [
                    
                ]
            },
            {
                "id": 16366,
                "name": "Wooden Spoon3660894",
                "members": [
                    
                ]
            },
            {
                "id": 16367,
                "name": "Wooden Spoon394",
                "members": [
                    
                ]
            },
            {
                "id": 17696,
                "name": "Legends64",
                "members": [
                    
                ]
            },
            {
                "id": 16370,
                "name": "Wooden Spoon39678678674",
                "members": [
                    
                ]
            },
            {
                "id": 16374,
                "name": "Wooden Spoon3966767574",
                "members": [
                    
                ]
            },
            {
                "id": 16664,
                "name": "Legends",
                "members": [
                    
                ]
            },
            {
                "id": 17069,
                "name": "Winners002",
                "members": [
                    
                ]
            },
            {
                "id": 17076,
                "name": "Winners008",
                "members": [
                    
                ]
            },
            {
                "id": 17081,
                "name": "Spartans999",
                "members": [
                    
                ]
            },
            {
                "id": 17084,
                "name": "Spartans19",
                "members": [
                    
                ]
            },
            {
                "id": 17179,
                "name": "Legends023",
                "members": [
                    
                ]
            },
            {
                "id": 17216,
                "name": "Legends010203",
                "members": [
                    
                ]
            },
            {
                "id": 17219,
                "name": "Legends012323123",
                "members": [
                    
                ]
            },
            {
                "id": 17279,
                "name": "Legends129",
                "members": [
                    
                ]
            },
            {
                "id": 17280,
                "name": "Legends12",
                "members": [
                    
                ]
            },
            {
                "id": 17281,
                "name": "Legends91",
                "members": [
                    
                ]
            },
            {
                "id": 17282,
                "name": "Legends127",
                "members": [
                    
                ]
            },
            {
                "id": 17287,
                "name": "Legends46",
                "members": [
                    
                ]
            },
            {
                "id": 17296,
                "name": "Legends44",
                "members": [
                    
                ]
            },
            {
                "id": 17299,
                "name": "Legends103",
                "members": [
                    
                ]
            },
            {
                "id": 17306,
                "name": "Legends77",
                "members": [
                    
                ]
            },
            {
                "id": 17308,
                "name": "Legends79",
                "members": [
                    
                ]
            },
            {
                "id": 17309,
                "name": "Legends93",
                "members": [
                    
                ]
            },
            {
                "id": 17311,
                "name": "Legends94",
                "members": [
                    
                ]
            },
            {
                "id": 17313,
                "name": "Legends52",
                "members": [
                    
                ]
            },
            {
                "id": 17319,
                "name": "Legends66",
                "members": [
                    
                ]
            },
            {
                "id": 17320,
                "name": "Legends67",
                "members": [
                    
                ]
            },
            {
                "id": 17321,
                "name": "Legends68",
                "members": [
                    
                ]
            },
            {
                "id": 17323,
                "name": "Legends11",
                "members": [
                    
                ]
            },
            {
                "id": 17324,
                "name": "Legendary12",
                "members": [
                    
                ]
            },
            {
                "id": 17325,
                "name": "Legendary11",
                "members": [
                    
                ]
            },
            {
                "id": 17326,
                "name": "Legendary10",
                "members": [
                    
                ]
            },
            {
                "id": 17327,
                "name": "Legendary09",
                "members": [
                    
                ]
            },
            {
                "id": 17328,
                "name": "Legendary08",
                "members": [
                    
                ]
            },
            {
                "id": 17334,
                "name": "Ankara06",
                "members": [
                    
                ]
            },
            {
                "id": 17335,
                "name": "JokerTeam",
                "members": [
                    
                ]
            },
            {
                "id": 15791,
                "name": "Wooden Spoon32445",
                "members": [
                    
                ]
            },
            {
                "id": 15795,
                "name": "Wooden Spoon324112",
                "members": [
                    
                ]
            },
            {
                "id": 15811,
                "name": "Wooden Spoon34532",
                "members": [
                    
                ]
            },
            {
                "id": 14956,
                "name": "Wooden Spoon321568",
                "members": [
                    
                ]
            },
            {
                "id": 14962,
                "name": "Yaroslav",
                "members": [
                    
                ]
            },
            {
                "id": 16375,
                "name": "Wooden Spoon00234",
                "members": [
                    
                ]
            },
            {
                "id": 15009,
                "name": "Wooden Spoon344",
                "members": [
                    
                ]
            },
            {
                "id": 15011,
                "name": "Wooden Spoon3567674w56",
                "members": [
                    
                ]
            },
            {
                "id": 15092,
                "name": "Wooden Spoon012314",
                "members": [
                    
                ]
            },
            {
                "id": 15093,
                "name": "Wooden Spoon00987",
                "members": [
                    
                ]
            },
            {
                "id": 15855,
                "name": "Wooden Spoon7887",
                "members": [
                    
                ]
            },
            {
                "id": 15121,
                "name": "Wooden Spoon0123176a",
                "members": [
                    
                ]
            },
            {
                "id": 16376,
                "name": "Wooden Spoon004",
                "members": [
                    
                ]
            },
            {
                "id": 15140,
                "name": "Wooden Spoon000000222",
                "members": [
                    
                ]
            },
            {
                "id": 15141,
                "name": "LeagueOfNation's",
                "members": [
                    
                ]
            },
            {
                "id": 16055,
                "name": "TresAmigo",
                "members": [
                    
                ]
            },
            {
                "id": 16123,
                "name": "Wooden Spoon78999",
                "members": [
                    
                ]
            },
            {
                "id": 16137,
                "name": "Wooden Spoon0123876",
                "members": [
                    
                ]
            },
            {
                "id": 16428,
                "name": "Tahtacilar05",
                "members": [
                    
                ]
            },
            {
                "id": 17071,
                "name": "Winners004",
                "members": [
                    
                ]
            },
            {
                "id": 17087,
                "name": "Spartans100",
                "members": [
                    
                ]
            },
            {
                "id": 17090,
                "name": "Spartans109",
                "members": [
                    
                ]
            },
            {
                "id": 17102,
                "name": "Winners15",
                "members": [
                    
                ]
            },
            {
                "id": 17180,
                "name": "Legends024",
                "members": [
                    
                ]
            },
            {
                "id": 17190,
                "name": "LegenedsNeverDie02",
                "members": [
                    
                ]
            },
            {
                "id": 17212,
                "name": "Legends0123",
                "members": [
                    
                ]
            },
            {
                "id": 17224,
                "name": "Legends34",
                "members": [
                    
                ]
            },
            {
                "id": 17228,
                "name": "Legends56",
                "members": [
                    
                ]
            },
            {
                "id": 17253,
                "name": "TeaForTwo",
                "members": [
                    
                ]
            },
            {
                "id": 17303,
                "name": "Legends71",
                "members": [
                    
                ]
            },
            {
                "id": 17305,
                "name": "Legends73",
                "members": [
                    
                ]
            },
            {
                "id": 17312,
                "name": "Legends58",
                "members": [
                    
                ]
            },
            {
                "id": 17314,
                "name": "Legends10",
                "members": [
                    
                ]
            },
            {
                "id": 17317,
                "name": "Legends17",
                "members": [
                    
                ]
            },
            {
                "id": 17318,
                "name": "Legends18",
                "members": [
                    
                ]
            },
            {
                "id": 17333,
                "name": "Legendary06",
                "members": [
                    
                ]
            }
        ]
    },
    {
        "number": 69,
        "isGraduated": false,
        "teams": [
            {
                "id": 15180,
                "name": "GibonniMajstor",
                "members": [
                    
                ]
            },
            {
                "id": 15188,
                "name": "GibonniMajstor13",
                "members": [
                    
                ]
            },
            {
                "id": 15190,
                "name": "GibonniMajstor69",
                "members": [
                    
                ]
            },
            {
                "id": 15194,
                "name": "GibonniMajstor67",
                "members": [
                    
                ]
            },
            {
                "id": 15198,
                "name": "GibonniMajstor6722",
                "members": [
                    
                ]
            },
            {
                "id": 15199,
                "name": "GibonniMajstor722",
                "members": [
                    
                ]
            },
            {
                "id": 15200,
                "name": "GibonniMajstor23722",
                "members": [
                    
                ]
            },
            {
                "id": 15197,
                "name": "GibonniMajstor672",
                "members": [
                    
                ]
            },
            {
                "id": 17217,
                "name": "Dummies",
                "members": [
                    
                ]
            }
        ]
    },
    {
        "number": 28,
        "isGraduated": false,
        "teams": [
            {
                "id": 16130,
                "name": "Wooden Spoon1",
                "members": [
                    
                ]
            },
            {
                "id": 16118,
                "name": "Wooden Spoon008",
                "members": [
                    
                ]
            },
            {
                "id": 17365,
                "name": "Legends27",
                "members": [
                    
                ]
            },
            {
                "id": 16121,
                "name": "Wooden Spoon3535",
                "members": [
                    
                ]
            },
            {
                "id": 16131,
                "name": "Wooden Spoon00",
                "members": [
                    
                ]
            },
            {
                "id": 16120,
                "name": "Wooden Spoon010",
                "members": [
                    
                ]
            },
            {
                "id": 16124,
                "name": "Wooden Spoon3536",
                "members": [
                    
                ]
            },
            {
                "id": 16128,
                "name": "Wooden Spoon1000",
                "members": [
                    
                ]
            }
        ]
    },
    {
        "number": 27,
        "isGraduated": false,
        "teams": [
            {
                "id": 17366,
                "name": "Legends27",
                "members": [
                    
                ]
            },
            {
                "id": 16262,
                "name": "Markiz8",
                "members": [
                    
                ]
            },
            {
                "id": 17416,
                "name": "Legendsj227",
                "members": [
                    
                ]
            },
            {
                "id": 17178,
                "name": "bla",
                "members": [
                    
                ]
            },
            {
                "id": 17229,
                "name": "Legends03",
                "members": [
                    
                ]
            },
            {
                "id": 17295,
                "name": "Sky-Blue",
                "members": [
                    
                ]
            },
            {
                "id": 17297,
                "name": "Sky-Blue01",
                "members": [
                    
                ]
            }
        ]
    },
    {
        "number": 15,
        "isGraduated": false,
        "teams": [
            
        ]
    }
]
Actual value: [200]
Expected value: [200]
Assertion of 200 vs 200 is successful
Nukes
House
Dummies
Seattle
Aracelis
Gleichner
Eusebia
Schimmel
Olamide
Glover
Olamide
Murray
Abel
Steuber
Olamide
Jacobson
Katrina
Rodriguez
Ebonie
Ratke
Terrilyn
Dare
Madeleine
Beier
Fae
Little
Wendie
Donnelly
Olamide
Abiola
Olamide
Abiola
HEBELEHUBELE
Jonaaaaaa
Olamide
Abiola
Olamide
Abiola
Olamideee
Tremblay
Olamide
Bins
Olamide
Abiola
Ally
Layne
]]></system-out>
    <system-err><![CDATA[Starting ChromeDriver 110.0.5481.77 (65ed616c6e8ee3fe0ad64fe83796c020644d42af-refs/branch-heads/5481@{#839}) on port 45357
Only local connections are allowed.
Please see https://chromedriver.chromium.org/security-considerations for suggestions on keeping ChromeDriver safe.
ChromeDriver was started successfully.
[1678077306.584][WARNING]: virtual void DevToolsClientImpl::AddListener(DevToolsEventListener *) subscribing a listener to the already connected DevToolsClient. Connection notification will not arrive.
Mar 05, 2023 11:35:06 PM org.openqa.selenium.devtools.CdpVersionFinder findNearestMatch
WARNING: Unable to find an exact match for CDP version 110, so returning the closest version found: 109
]]></system-err>
  </testcase>
</testsuite>