<?xml version="1.0" encoding="UTF-8"?>
<testsuite xmlns:xsi="http://www.w3.org/2001/XMLSchema-instance" xsi:noNamespaceSchemaLocation="https://maven.apache.org/surefire/maven-surefire-plugin/xsd/surefire-test-report-3.0.xsd" version="3.0" name="kilimanjaro click" time="10.543" tests="1" errors="0" skipped="0" failures="0">
  <properties>
[...]
</properties>
  <testcase name="user clicks on kilimanjaro link" classname="kilimanjaro click" time="10.543">
    <system-out><![CDATA[C:\Users\zver2\IdeaProjects\BookIT
Navigating to url: [https://cybertek-reservation-qa.herokuapp.com/]
https://cybertek-reservation-qa.herokuapp.com/sign-in
The current page title: [bookit]
Title [bookit] verified
Actual value: [bookit]
Expected value: [bookit]
Assertion of bookit vs bookit is successful
Click action performed on element with text: kilimanjaro
Actual value: [schedule]
Expected value: [schedule]
Assertion of schedule vs schedule is successful
]]></system-out>
    <system-err><![CDATA[Starting ChromeDriver 110.0.5481.77 (65ed616c6e8ee3fe0ad64fe83796c020644d42af-refs/branch-heads/5481@{#839}) on port 42337
Only local connections are allowed.
Please see https://chromedriver.chromium.org/security-considerations for suggestions on keeping ChromeDriver safe.
ChromeDriver was started successfully.
[1677286849.926][WARNING]: virtual void DevToolsClientImpl::AddListener(DevToolsEventListener *) subscribing a listener to the already connected DevToolsClient. Connection notification will not arrive.
Feb 24, 2023 8:00:49 PM org.openqa.selenium.devtools.CdpVersionFinder findNearestMatch
WARNING: Unable to find an exact match for CDP version 110, so returning the closest version found: 109
]]></system-err>
  </testcase>
</testsuite>